Fitter report for xor8b
Fri Apr 13 09:10:50 2012
Quartus II Version 8.1 Build 163 10/28/2008 SJ Full Version


---------------------
; Table of Contents ;
---------------------
  1. Legal Notice
  2. Fitter Summary
  3. Fitter Settings
  4. Pin-Out File
  5. Fitter Resource Usage Summary
  6. Input Pins
  7. Output Pins
  8. All Package Pins
  9. Output Pin Default Load For Reported TCO
 10. Fitter Resource Utilization by Entity
 11. Non-Global High Fan-Out Signals
 12. Interconnect Usage Summary
 13. LAB External Interconnect
 14. LAB Macrocells
 15. Logic Cell Interconnection
 16. Fitter Device Options
 17. Fitter Messages



----------------
; Legal Notice ;
----------------
Copyright (C) 1991-2008 Altera Corporation
Your use of Altera Corporation's design tools, logic functions 
and other software and tools, and its AMPP partner logic 
functions, and any output files from any of the foregoing 
(including device programming or simulation files), and any 
associated documentation or information are expressly subject 
to the terms and conditions of the Altera Program License 
Subscription Agreement, Altera MegaCore Function License 
Agreement, or other applicable license agreement, including, 
without limitation, that your use is for the sole purpose of 
programming logic devices manufactured by Altera and sold by 
Altera or its authorized distributors.  Please refer to the 
applicable agreement for further details.



+------------------------------------------------------------------+
; Fitter Summary                                                   ;
+-----------------------+------------------------------------------+
; Fitter Status         ; Successful - Fri Apr 13 09:10:50 2012    ;
; Quartus II Version    ; 8.1 Build 163 10/28/2008 SJ Full Version ;
; Revision Name         ; xor8b                                    ;
; Top-level Entity Name ; xor8b                                    ;
; Family                ; MAX7000S                                 ;
; Device                ; EPM7128SLC84-15                          ;
; Timing Models         ; Final                                    ;
; Total macrocells      ; 4 / 128 ( 3 % )                          ;
; Total pins            ; 14 / 68 ( 21 % )                         ;
+-----------------------+------------------------------------------+


+----------------------------------------------------------------------------------+
; Fitter Settings                                                                  ;
+------------------------------------------------+-----------------+---------------+
; Option                                         ; Setting         ; Default Value ;
+------------------------------------------------+-----------------+---------------+
; Device                                         ; EPM7128SLC84-15 ;               ;
; Use smart compilation                          ; Off             ; Off           ;
; Use TimeQuest Timing Analyzer                  ; Off             ; Off           ;
; Optimize Timing for ECOs                       ; Off             ; Off           ;
; Regenerate full fit report during ECO compiles ; Off             ; Off           ;
; Optimize IOC Register Placement for Timing     ; On              ; On            ;
; Limit to One Fitting Attempt                   ; Off             ; Off           ;
; Fitter Initial Placement Seed                  ; 1               ; 1             ;
; Slow Slew Rate                                 ; Off             ; Off           ;
; Fitter Effort                                  ; Auto Fit        ; Auto Fit      ;
+------------------------------------------------+-----------------+---------------+


+--------------+
; Pin-Out File ;
+--------------+
The pin-out file can be found in E:/Rbt/爱迪生班/数电实验/Xor8b_A/xor8b.pin.


+------------------------------------------------------+
; Fitter Resource Usage Summary                        ;
+-----------------------------------+------------------+
; Resource                          ; Usage            ;
+-----------------------------------+------------------+
; Logic cells                       ; 4 / 128 ( 3 % )  ;
; Registers                         ; 0 / 128 ( 0 % )  ;
; Number of pterms used             ; 13               ;
; User inserted logic elements      ; 0                ;
; I/O pins                          ; 14 / 68 ( 21 % ) ;
;     -- Clock pins                 ; 0 / 2 ( 0 % )    ;
;     -- Dedicated input pins       ; 0 / 2 ( 0 % )    ;
; Global signals                    ; 0                ;
; Shareable expanders               ; 0 / 128 ( 0 % )  ;
; Parallel expanders                ; 0 / 120 ( 0 % )  ;
; Cells using turbo bit             ; 4 / 128 ( 3 % )  ;
; Maximum fan-out node              ; E_H[0]           ;
; Maximum fan-out                   ; 2                ;
; Highest non-global fan-out signal ; E_H[0]           ;
; Highest non-global fan-out        ; 2                ;
; Total fan-out                     ; 13               ;
; Average fan-out                   ; 0.72             ;
+-----------------------------------+------------------+


+----------------------------------------------------------------------------------------------------------------------------------------------+
; Input Pins                                                                                                                                   ;
+--------+-------+----------+-----+-----------------------+--------------------+--------+----------------+--------------+----------------------+
; Name   ; Pin # ; I/O Bank ; LAB ; Combinational Fan-Out ; Registered Fan-Out ; Global ; Input Register ; I/O Standard ; Location assigned by ;
+--------+-------+----------+-----+-----------------------+--------------------+--------+----------------+--------------+----------------------+
; A_D[0] ; 33    ; --       ; 4   ; 1                     ; 0                  ; no     ; no             ; TTL          ; Fitter               ;
; A_D[1] ; 81    ; --       ; 8   ; 1                     ; 0                  ; no     ; no             ; TTL          ; Fitter               ;
; A_D[2] ; 4     ; --       ; 1   ; 1                     ; 0                  ; no     ; no             ; TTL          ; Fitter               ;
; A_D[3] ; 52    ; --       ; 5   ; 1                     ; 0                  ; no     ; no             ; TTL          ; Fitter               ;
; E_H[0] ; 5     ; --       ; 1   ; 2                     ; 0                  ; no     ; no             ; TTL          ; Fitter               ;
; E_H[1] ; 80    ; --       ; 8   ; 1                     ; 0                  ; no     ; no             ; TTL          ; Fitter               ;
; E_H[2] ; 24    ; --       ; 3   ; 1                     ; 0                  ; no     ; no             ; TTL          ; Fitter               ;
; E_H[3] ; 61    ; --       ; 6   ; 1                     ; 0                  ; no     ; no             ; TTL          ; Fitter               ;
+--------+-------+----------+-----+-----------------------+--------------------+--------+----------------+--------------+----------------------+


+---------------------------------------------------------------------------------------------------------------------------------------------+
; Output Pins                                                                                                                                 ;
+------+-------+----------+-----+-----------------+----------------+------------+---------------+--------------+----------------------+-------+
; Name ; Pin # ; I/O Bank ; LAB ; Output Register ; Slow Slew Rate ; Open Drain ; TRI Primitive ; I/O Standard ; Location assigned by ; Load  ;
+------+-------+----------+-----+-----------------+----------------+------------+---------------+--------------+----------------------+-------+
; Z    ; 11    ; --       ; 1   ; no              ; no             ; no         ; no            ; TTL          ; Fitter               ; 10 pF ;
; Z_E  ; 12    ; --       ; 1   ; no              ; no             ; no         ; no            ; TTL          ; Fitter               ; 10 pF ;
+------+-------+----------+-----+-----------------+----------------+------------+---------------+--------------+----------------------+-------+


+-------------------------------------------------------------------------------------------------------+
; All Package Pins                                                                                      ;
+----------+------------+----------+----------------+--------+--------------+---------+-----------------+
; Location ; Pad Number ; I/O Bank ; Pin Name/Usage ; Dir.   ; I/O Standard ; Voltage ; User Assignment ;
+----------+------------+----------+----------------+--------+--------------+---------+-----------------+
; 1        ; 0          ; --       ; GND+           ;        ;              ;         ;                 ;
; 2        ; 1          ; --       ; GND+           ;        ;              ;         ;                 ;
; 3        ; 2          ; --       ; VCCINT         ; power  ;              ; 5.0V    ;                 ;
; 4        ; 3          ; --       ; A_D[2]         ; input  ; TTL          ;         ; N               ;
; 5        ; 4          ; --       ; E_H[0]         ; input  ; TTL          ;         ; N               ;
; 6        ; 5          ; --       ; RESERVED       ;        ;              ;         ;                 ;
; 7        ; 6          ; --       ; GND            ; gnd    ;              ;         ;                 ;
; 8        ; 7          ; --       ; RESERVED       ;        ;              ;         ;                 ;
; 9        ; 8          ; --       ; RESERVED       ;        ;              ;         ;                 ;
; 10       ; 9          ; --       ; RESERVED       ;        ;              ;         ;                 ;
; 11       ; 10         ; --       ; Z              ; output ; TTL          ;         ; N               ;
; 12       ; 11         ; --       ; Z_E            ; output ; TTL          ;         ; N               ;
; 13       ; 12         ; --       ; VCCIO          ; power  ;              ; 5.0V    ;                 ;
; 14       ; 13         ; --       ; TDI            ; input  ; TTL          ;         ; N               ;
; 15       ; 14         ; --       ; RESERVED       ;        ;              ;         ;                 ;
; 16       ; 15         ; --       ; RESERVED       ;        ;              ;         ;                 ;
; 17       ; 16         ; --       ; RESERVED       ;        ;              ;         ;                 ;
; 18       ; 17         ; --       ; RESERVED       ;        ;              ;         ;                 ;
; 19       ; 18         ; --       ; GND            ; gnd    ;              ;         ;                 ;
; 20       ; 19         ; --       ; RESERVED       ;        ;              ;         ;                 ;
; 21       ; 20         ; --       ; RESERVED       ;        ;              ;         ;                 ;
; 22       ; 21         ; --       ; RESERVED       ;        ;              ;         ;                 ;
; 23       ; 22         ; --       ; TMS            ; input  ; TTL          ;         ; N               ;
; 24       ; 23         ; --       ; E_H[2]         ; input  ; TTL          ;         ; N               ;
; 25       ; 24         ; --       ; RESERVED       ;        ;              ;         ;                 ;
; 26       ; 25         ; --       ; VCCIO          ; power  ;              ; 5.0V    ;                 ;
; 27       ; 26         ; --       ; RESERVED       ;        ;              ;         ;                 ;
; 28       ; 27         ; --       ; RESERVED       ;        ;              ;         ;                 ;
; 29       ; 28         ; --       ; RESERVED       ;        ;              ;         ;                 ;
; 30       ; 29         ; --       ; RESERVED       ;        ;              ;         ;                 ;
; 31       ; 30         ; --       ; RESERVED       ;        ;              ;         ;                 ;
; 32       ; 31         ; --       ; GND            ; gnd    ;              ;         ;                 ;
; 33       ; 32         ; --       ; A_D[0]         ; input  ; TTL          ;         ; N               ;
; 34       ; 33         ; --       ; RESERVED       ;        ;              ;         ;                 ;
; 35       ; 34         ; --       ; RESERVED       ;        ;              ;         ;                 ;
; 36       ; 35         ; --       ; RESERVED       ;        ;              ;         ;                 ;
; 37       ; 36         ; --       ; RESERVED       ;        ;              ;         ;                 ;
; 38       ; 37         ; --       ; VCCIO          ; power  ;              ; 5.0V    ;                 ;
; 39       ; 38         ; --       ; RESERVED       ;        ;              ;         ;                 ;
; 40       ; 39         ; --       ; RESERVED       ;        ;              ;         ;                 ;
; 41       ; 40         ; --       ; RESERVED       ;        ;              ;         ;                 ;
; 42       ; 41         ; --       ; GND            ; gnd    ;              ;         ;                 ;
; 43       ; 42         ; --       ; VCCINT         ; power  ;              ; 5.0V    ;                 ;
; 44       ; 43         ; --       ; RESERVED       ;        ;              ;         ;                 ;
; 45       ; 44         ; --       ; RESERVED       ;        ;              ;         ;                 ;
; 46       ; 45         ; --       ; RESERVED       ;        ;              ;         ;                 ;
; 47       ; 46         ; --       ; GND            ; gnd    ;              ;         ;                 ;
; 48       ; 47         ; --       ; RESERVED       ;        ;              ;         ;                 ;
; 49       ; 48         ; --       ; RESERVED       ;        ;              ;         ;                 ;
; 50       ; 49         ; --       ; RESERVED       ;        ;              ;         ;                 ;
; 51       ; 50         ; --       ; RESERVED       ;        ;              ;         ;                 ;
; 52       ; 51         ; --       ; A_D[3]         ; input  ; TTL          ;         ; N               ;
; 53       ; 52         ; --       ; VCCIO          ; power  ;              ; 5.0V    ;                 ;
; 54       ; 53         ; --       ; RESERVED       ;        ;              ;         ;                 ;
; 55       ; 54         ; --       ; RESERVED       ;        ;              ;         ;                 ;
; 56       ; 55         ; --       ; RESERVED       ;        ;              ;         ;                 ;
; 57       ; 56         ; --       ; RESERVED       ;        ;              ;         ;                 ;
; 58       ; 57         ; --       ; RESERVED       ;        ;              ;         ;                 ;
; 59       ; 58         ; --       ; GND            ; gnd    ;              ;         ;                 ;
; 60       ; 59         ; --       ; RESERVED       ;        ;              ;         ;                 ;
; 61       ; 60         ; --       ; E_H[3]         ; input  ; TTL          ;         ; N               ;
; 62       ; 61         ; --       ; TCK            ; input  ; TTL          ;         ; N               ;
; 63       ; 62         ; --       ; RESERVED       ;        ;              ;         ;                 ;
; 64       ; 63         ; --       ; RESERVED       ;        ;              ;         ;                 ;
; 65       ; 64         ; --       ; RESERVED       ;        ;              ;         ;                 ;
; 66       ; 65         ; --       ; VCCIO          ; power  ;              ; 5.0V    ;                 ;
; 67       ; 66         ; --       ; RESERVED       ;        ;              ;         ;                 ;
; 68       ; 67         ; --       ; RESERVED       ;        ;              ;         ;                 ;
; 69       ; 68         ; --       ; RESERVED       ;        ;              ;         ;                 ;
; 70       ; 69         ; --       ; RESERVED       ;        ;              ;         ;                 ;
; 71       ; 70         ; --       ; TDO            ; output ; TTL          ;         ; N               ;
; 72       ; 71         ; --       ; GND            ; gnd    ;              ;         ;                 ;
; 73       ; 72         ; --       ; RESERVED       ;        ;              ;         ;                 ;
; 74       ; 73         ; --       ; RESERVED       ;        ;              ;         ;                 ;
; 75       ; 74         ; --       ; RESERVED       ;        ;              ;         ;                 ;
; 76       ; 75         ; --       ; RESERVED       ;        ;              ;         ;                 ;
; 77       ; 76         ; --       ; RESERVED       ;        ;              ;         ;                 ;
; 78       ; 77         ; --       ; VCCIO          ; power  ;              ; 5.0V    ;                 ;
; 79       ; 78         ; --       ; RESERVED       ;        ;              ;         ;                 ;
; 80       ; 79         ; --       ; E_H[1]         ; input  ; TTL          ;         ; N               ;
; 81       ; 80         ; --       ; A_D[1]         ; input  ; TTL          ;         ; N               ;
; 82       ; 81         ; --       ; GND            ; gnd    ;              ;         ;                 ;
; 83       ; 82         ; --       ; GND+           ;        ;              ;         ;                 ;
; 84       ; 83         ; --       ; GND+           ;        ;              ;         ;                 ;
+----------+------------+----------+----------------+--------+--------------+---------+-----------------+
Note: Pin directions (input, output or bidir) are based on device operating in user mode.


+-----------------------------------------------+
; Output Pin Default Load For Reported TCO      ;
+--------------+-------+------------------------+
; I/O Standard ; Load  ; Termination Resistance ;
+--------------+-------+------------------------+
; 3.3-V LVTTL  ; 10 pF ; Not Available          ;
; 3.3-V LVCMOS ; 10 pF ; Not Available          ;
; TTL          ; 10 pF ; Not Available          ;
+--------------+-------+------------------------+
Note: User assignments will override these defaults. The user specified values are listed in the Output Pins and Bidir Pins tables.


+-------------------------------------------------------------------------------------+
; Fitter Resource Utilization by Entity                                               ;
+----------------------------+------------+------+---------------------+--------------+
; Compilation Hierarchy Node ; Macrocells ; Pins ; Full Hierarchy Name ; Library Name ;
+----------------------------+------------+------+---------------------+--------------+
; |xor8b                     ; 4          ; 14   ; |xor8b              ; work         ;
+----------------------------+------------+------+---------------------+--------------+


+---------------------------------+
; Non-Global High Fan-Out Signals ;
+----------+----------------------+
; Name     ; Fan-Out              ;
+----------+----------------------+
; E_H[0]   ; 2                    ;
; E_H[1]   ; 1                    ;
; E_H[2]   ; 1                    ;
; E_H[3]   ; 1                    ;
; A_D[0]   ; 1                    ;
; A_D[1]   ; 1                    ;
; A_D[2]   ; 1                    ;
; A_D[3]   ; 1                    ;
; inst2~20 ; 1                    ;
; E_H[0]~2 ; 1                    ;
; inst2~13 ; 1                    ;
; inst2~6  ; 1                    ;
+----------+----------------------+


+-----------------------------------------------+
; Interconnect Usage Summary                    ;
+----------------------------+------------------+
; Interconnect Resource Type ; Usage            ;
+----------------------------+------------------+
; Output enables             ; 0 / 6 ( 0 % )    ;
; PIA buffers                ; 10 / 288 ( 3 % ) ;
; PIAs                       ; 10 / 288 ( 3 % ) ;
+----------------------------+------------------+


+----------------------------------------------------------------------------+
; LAB External Interconnect                                                  ;
+----------------------------------------------+-----------------------------+
; LAB External Interconnects  (Average = 1.25) ; Number of LABs  (Total = 1) ;
+----------------------------------------------+-----------------------------+
; 0                                            ; 7                           ;
; 1                                            ; 0                           ;
; 2                                            ; 0                           ;
; 3                                            ; 0                           ;
; 4                                            ; 0                           ;
; 5                                            ; 0                           ;
; 6                                            ; 0                           ;
; 7                                            ; 0                           ;
; 8                                            ; 0                           ;
; 9                                            ; 0                           ;
; 10                                           ; 1                           ;
+----------------------------------------------+-----------------------------+


+----------------------------------------------------------------------+
; LAB Macrocells                                                       ;
+----------------------------------------+-----------------------------+
; Number of Macrocells  (Average = 0.50) ; Number of LABs  (Total = 1) ;
+----------------------------------------+-----------------------------+
; 0                                      ; 7                           ;
; 1                                      ; 0                           ;
; 2                                      ; 0                           ;
; 3                                      ; 0                           ;
; 4                                      ; 1                           ;
+----------------------------------------+-----------------------------+


+--------------------------------------------------------------+
; Logic Cell Interconnection                                   ;
+-----+------------+--------------------------------+----------+
; LAB ; Logic Cell ; Input                          ; Output   ;
+-----+------------+--------------------------------+----------+
;  A  ; LC1        ; E_H[3], E_H[1], E_H[2], E_H[0] ; inst2~20 ;
;  A  ; LC2        ; A_D[3], A_D[1], A_D[2], A_D[0] ; inst2~20 ;
;  A  ; LC3        ; E_H[0]                         ; Z_E      ;
;  A  ; LC5        ; inst2~6, inst2~13              ; Z        ;
+-----+------------+--------------------------------+----------+


+---------------------------------------------------------------+
; Fitter Device Options                                         ;
+----------------------------------------------+----------------+
; Option                                       ; Setting        ;
+----------------------------------------------+----------------+
; Enable user-supplied start-up clock (CLKUSR) ; Off            ;
; Enable device-wide reset (DEV_CLRn)          ; Off            ;
; Enable device-wide output enable (DEV_OE)    ; Off            ;
; Enable INIT_DONE output                      ; Off            ;
; Configuration scheme                         ; Passive Serial ;
; Security bit                                 ; Off            ;
; Base pin-out file on sameframe device        ; Off            ;
+----------------------------------------------+----------------+


+-----------------+
; Fitter Messages ;
+-----------------+
Info: *******************************************************************
Info: Running Quartus II Fitter
    Info: Version 8.1 Build 163 10/28/2008 SJ Full Version
    Info: Processing started: Fri Apr 13 09:10:50 2012
Info: Command: quartus_fit --read_settings_files=off --write_settings_files=off xor8b -c xor8b
Info: Parallel compilation is enabled and will use 4 of the 4 processors detected
Info: Selected device EPM7128SLC84-15 for design "xor8b"
Info: Parallel compilation was enabled but no parallel operations were performed
Info: Quartus II Fitter was successful. 0 errors, 0 warnings
    Info: Peak virtual memory: 206 megabytes
    Info: Processing ended: Fri Apr 13 09:10:50 2012
    Info: Elapsed time: 00:00:00
    Info: Total CPU time (on all processors): 00:00:00


